
ROM used:   1309/8192 (16%)
            1309/8192 (16%) including unused fragments

            0.9 Average locations per line
            5.8 Average locations per statement

RAM used:   91/368 (25%) at main() level
            126/368 (34%) worst case

Stack used: 7 worst case (6 in main + 1 for interrupts)
Stack size: 8

Lines Stmts  %   Files
----- ----- ---  -----
  268   125  56  Main.c
  671     0   0  C:\Program Files (x86)\PICC\Devices\16F877A.h
  456   100  44  C:\Program Files (x86)\PICC\Drivers\lcd.c
----- -----
 1395   225 Total

Page ROM  %  RAM   Vol Diff  Functions:
---- --- --- ---   --- ----  ----------
0     20   2    1             @delay_ms1
0     19   1    1             @delay_us1
 Inline         0             @GETCH_BIU_1
 Inline         3   760  4.5  lcd_read_byte
0     51   4    2   262  3.7  lcd_read_nibble
0     54   4    1   399  2.4  lcd_send_nibble
0     98   7    3   415  3.7  lcd_send_byte
0     80   6    6   852  6.2  lcd_init
0     20   2    4   208  6.3  lcd_gotoxy
0     56   4    1   354  4.7  lcd_putc
0     43   3    3   240  4.5  RDA_isr
0     62   5    3   561  5.9  CheckCode
0     99   8   13   262  4.3  RunServo1
0     44   3   13             @MUL3232
0     81   6   13             @DIV3232
0     99   8   13   262  4.3  RunServo2
0      9   1    0    17  0.8  RunMotor
0      7   1    0    17  0.8  StopMotor
0     40   3    0   136  2.8  DisplayMain
0      1   0    0             @const692
0     80   6    4             @PSTRINGC7_649
0      9   1    0             @const694
0      9   1    0             @const695
0      9   1    0             @const696
0     13   1    2    63  2.0  DisplayType
0      8   1    0    17  0.8  OnGate1
0      7   1    0    17  0.8  OffGate1
0      8   1    0    17  0.8  OnGate2
0      7   1    0    17  0.8  OffGate2
0    195  15    2  1567  6.4  MAIN
 Inline         0             @cinit1

Program metrics:
    Functions               20
    Statements              225
    Comments                252
    Volume (V)              10685
    Difficulty (D)          67.9
    Effort to implement (E) 725620
    Time to implement (T)   11 hours, 12 minutes
    Est Delivered Bugs (B)  3
    Cyclomatic Complexity   26
    Maintainability (MI)    64

 Segment     Used  Free
-----------  ----  ----
00000-00003     4  0  
00004-00050    77  0  
00051-007FF  1228  739  
00800-00FFF     0  2048  
01000-017FF     0  2048  
01800-01FFF     0  2048  



